{"C:\\Users\\Alex PC\\Desktop\\SistemaPracticaProfesional\\src\\app.js": {"path":"C:\\Users\\Alex PC\\Desktop\\SistemaPracticaProfesional\\src\\app.js","statementMap":{"0":{"start":{"line":1,"column":16},"end":{"line":1,"column":34}},"1":{"start":{"line":2,"column":15},"end":{"line":2,"column":32}},"2":{"start":{"line":3,"column":13},"end":{"line":3,"column":28}},"3":{"start":{"line":4,"column":13},"end":{"line":4,"column":28}},"4":{"start":{"line":5,"column":26},"end":{"line":5,"column":48}},"5":{"start":{"line":8,"column":22},"end":{"line":8,"column":55}},"6":{"start":{"line":9,"column":20},"end":{"line":9,"column":51}},"7":{"start":{"line":10,"column":22},"end":{"line":10,"column":55}},"8":{"start":{"line":11,"column":22},"end":{"line":11,"column":55}},"9":{"start":{"line":13,"column":12},"end":{"line":13,"column":21}},"10":{"start":{"line":16,"column":0},"end":{"line":16,"column":24}},"11":{"start":{"line":17,"column":0},"end":{"line":17,"column":16}},"12":{"start":{"line":20,"column":0},"end":{"line":20,"column":59}},"13":{"start":{"line":23,"column":0},"end":{"line":67,"column":3}},"14":{"start":{"line":24,"column":2},"end":{"line":66,"column":3}},"15":{"start":{"line":25,"column":35},"end":{"line":25,"column":43}},"16":{"start":{"line":26,"column":17},"end":{"line":26,"column":38}},"17":{"start":{"line":28,"column":19},"end":{"line":31,"column":5}},"18":{"start":{"line":33,"column":4},"end":{"line":36,"column":5}},"19":{"start":{"line":34,"column":6},"end":{"line":34,"column":23}},"20":{"start":{"line":35,"column":6},"end":{"line":35,"column":83}},"21":{"start":{"line":38,"column":20},"end":{"line":38,"column":27}},"22":{"start":{"line":40,"column":4},"end":{"line":43,"column":5}},"23":{"start":{"line":41,"column":6},"end":{"line":41,"column":23}},"24":{"start":{"line":42,"column":6},"end":{"line":42,"column":92}},"25":{"start":{"line":45,"column":27},"end":{"line":45,"column":75}},"26":{"start":{"line":47,"column":4},"end":{"line":50,"column":5}},"27":{"start":{"line":48,"column":6},"end":{"line":48,"column":23}},"28":{"start":{"line":49,"column":6},"end":{"line":49,"column":83}},"29":{"start":{"line":52,"column":4},"end":{"line":52,"column":21}},"30":{"start":{"line":54,"column":4},"end":{"line":61,"column":7}},"31":{"start":{"line":64,"column":4},"end":{"line":64,"column":45}},"32":{"start":{"line":65,"column":4},"end":{"line":65,"column":66}},"33":{"start":{"line":70,"column":0},"end":{"line":70,"column":40}},"34":{"start":{"line":71,"column":0},"end":{"line":71,"column":37}},"35":{"start":{"line":72,"column":0},"end":{"line":72,"column":40}},"36":{"start":{"line":73,"column":0},"end":{"line":73,"column":40}},"37":{"start":{"line":76,"column":0},"end":{"line":78,"column":3}},"38":{"start":{"line":77,"column":2},"end":{"line":77,"column":61}},"39":{"start":{"line":81,"column":13},"end":{"line":81,"column":37}},"40":{"start":{"line":82,"column":0},"end":{"line":86,"column":1}},"41":{"start":{"line":83,"column":2},"end":{"line":85,"column":5}},"42":{"start":{"line":84,"column":4},"end":{"line":84,"column":68}},"43":{"start":{"line":88,"column":0},"end":{"line":88,"column":21}}},"fnMap":{"0":{"name":"(anonymous_0)","decl":{"start":{"line":23,"column":19},"end":{"line":23,"column":20}},"loc":{"start":{"line":23,"column":39},"end":{"line":67,"column":1}},"line":23},"1":{"name":"(anonymous_1)","decl":{"start":{"line":76,"column":8},"end":{"line":76,"column":9}},"loc":{"start":{"line":76,"column":22},"end":{"line":78,"column":1}},"line":76},"2":{"name":"(anonymous_2)","decl":{"start":{"line":83,"column":19},"end":{"line":83,"column":20}},"loc":{"start":{"line":83,"column":25},"end":{"line":85,"column":3}},"line":83}},"branchMap":{"0":{"loc":{"start":{"line":33,"column":4},"end":{"line":36,"column":5}},"type":"if","locations":[{"start":{"line":33,"column":4},"end":{"line":36,"column":5}},{"start":{},"end":{}}],"line":33},"1":{"loc":{"start":{"line":40,"column":4},"end":{"line":43,"column":5}},"type":"if","locations":[{"start":{"line":40,"column":4},"end":{"line":43,"column":5}},{"start":{},"end":{}}],"line":40},"2":{"loc":{"start":{"line":47,"column":4},"end":{"line":50,"column":5}},"type":"if","locations":[{"start":{"line":47,"column":4},"end":{"line":50,"column":5}},{"start":{},"end":{}}],"line":47},"3":{"loc":{"start":{"line":81,"column":13},"end":{"line":81,"column":37}},"type":"binary-expr","locations":[{"start":{"line":81,"column":13},"end":{"line":81,"column":29}},{"start":{"line":81,"column":33},"end":{"line":81,"column":37}}],"line":81},"4":{"loc":{"start":{"line":82,"column":0},"end":{"line":86,"column":1}},"type":"if","locations":[{"start":{"line":82,"column":0},"end":{"line":86,"column":1}},{"start":{},"end":{}}],"line":82}},"s":{"0":3,"1":3,"2":3,"3":3,"4":3,"5":3,"6":3,"7":3,"8":3,"9":3,"10":3,"11":3,"12":3,"13":3,"14":3,"15":3,"16":3,"17":3,"18":3,"19":1,"20":1,"21":2,"22":2,"23":0,"24":0,"25":2,"26":2,"27":2,"28":2,"29":0,"30":0,"31":0,"32":0,"33":3,"34":3,"35":3,"36":3,"37":3,"38":0,"39":3,"40":3,"41":0,"42":0,"43":3},"f":{"0":3,"1":0,"2":0},"b":{"0":[1,2],"1":[0,2],"2":[2,0],"3":[3,3],"4":[0,3]},"_coverageSchema":"1a1c01bbd47fc00a2c39e90264f33305004495a9","hash":"cb4fb4aa8fa6f8d96f00c8e3d44a194343ff0098"}
,"C:\\Users\\Alex PC\\Desktop\\SistemaPracticaProfesional\\src\\config\\db.js": {"path":"C:\\Users\\Alex PC\\Desktop\\SistemaPracticaProfesional\\src\\config\\db.js","statementMap":{"0":{"start":{"line":1,"column":14},"end":{"line":1,"column":39}},"1":{"start":{"line":3,"column":17},"end":{"line":8,"column":1}},"2":{"start":{"line":11,"column":4},"end":{"line":11,"column":50}},"3":{"start":{"line":14,"column":0},"end":{"line":14,"column":35}}},"fnMap":{"0":{"name":"getConnection","decl":{"start":{"line":10,"column":15},"end":{"line":10,"column":28}},"loc":{"start":{"line":10,"column":31},"end":{"line":12,"column":1}},"line":10}},"branchMap":{"0":{"loc":{"start":{"line":4,"column":10},"end":{"line":4,"column":44}},"type":"binary-expr","locations":[{"start":{"line":4,"column":10},"end":{"line":4,"column":29}},{"start":{"line":4,"column":33},"end":{"line":4,"column":44}}],"line":4},"1":{"loc":{"start":{"line":5,"column":10},"end":{"line":5,"column":39}},"type":"binary-expr","locations":[{"start":{"line":5,"column":10},"end":{"line":5,"column":29}},{"start":{"line":5,"column":33},"end":{"line":5,"column":39}}],"line":5},"2":{"loc":{"start":{"line":6,"column":14},"end":{"line":6,"column":43}},"type":"binary-expr","locations":[{"start":{"line":6,"column":14},"end":{"line":6,"column":37}},{"start":{"line":6,"column":41},"end":{"line":6,"column":43}}],"line":6},"3":{"loc":{"start":{"line":7,"column":14},"end":{"line":7,"column":47}},"type":"binary-expr","locations":[{"start":{"line":7,"column":14},"end":{"line":7,"column":33}},{"start":{"line":7,"column":37},"end":{"line":7,"column":47}}],"line":7}},"s":{"0":3,"1":3,"2":40,"3":3},"f":{"0":40},"b":{"0":[3,3],"1":[3,3],"2":[3,3],"3":[3,3]},"_coverageSchema":"1a1c01bbd47fc00a2c39e90264f33305004495a9","hash":"ba338727332d5dfc0b9d06f65cd172cc4dcec729"}
,"C:\\Users\\Alex PC\\Desktop\\SistemaPracticaProfesional\\src\\models\\clienteModel.js": {"path":"C:\\Users\\Alex PC\\Desktop\\SistemaPracticaProfesional\\src\\models\\clienteModel.js","statementMap":{"0":{"start":{"line":1,"column":26},"end":{"line":1,"column":49}},"1":{"start":{"line":5,"column":15},"end":{"line":5,"column":36}},"2":{"start":{"line":6,"column":17},"end":{"line":8,"column":3}},"3":{"start":{"line":9,"column":2},"end":{"line":9,"column":19}},"4":{"start":{"line":10,"column":2},"end":{"line":10,"column":14}},"5":{"start":{"line":15,"column":15},"end":{"line":15,"column":36}},"6":{"start":{"line":16,"column":17},"end":{"line":19,"column":3}},"7":{"start":{"line":20,"column":2},"end":{"line":20,"column":19}},"8":{"start":{"line":21,"column":2},"end":{"line":21,"column":17}},"9":{"start":{"line":26,"column":15},"end":{"line":26,"column":36}},"10":{"start":{"line":27,"column":86},"end":{"line":27,"column":90}},"11":{"start":{"line":30,"column":2},"end":{"line":32,"column":3}},"12":{"start":{"line":31,"column":4},"end":{"line":31,"column":60}},"13":{"start":{"line":35,"column":18},"end":{"line":42,"column":3}},"14":{"start":{"line":44,"column":2},"end":{"line":48,"column":4}},"15":{"start":{"line":49,"column":2},"end":{"line":49,"column":19}},"16":{"start":{"line":54,"column":15},"end":{"line":54,"column":36}},"17":{"start":{"line":55,"column":86},"end":{"line":55,"column":90}},"18":{"start":{"line":58,"column":16},"end":{"line":58,"column":126}},"19":{"start":{"line":58,"column":99},"end":{"line":58,"column":125}},"20":{"start":{"line":60,"column":19},"end":{"line":65,"column":3}},"21":{"start":{"line":66,"column":2},"end":{"line":66,"column":19}},"22":{"start":{"line":67,"column":2},"end":{"line":67,"column":16}},"23":{"start":{"line":72,"column":15},"end":{"line":72,"column":36}},"24":{"start":{"line":73,"column":19},"end":{"line":76,"column":3}},"25":{"start":{"line":77,"column":2},"end":{"line":77,"column":19}},"26":{"start":{"line":78,"column":2},"end":{"line":78,"column":16}},"27":{"start":{"line":81,"column":0},"end":{"line":87,"column":2}}},"fnMap":{"0":{"name":"getAll","decl":{"start":{"line":4,"column":15},"end":{"line":4,"column":21}},"loc":{"start":{"line":4,"column":24},"end":{"line":11,"column":1}},"line":4},"1":{"name":"getById","decl":{"start":{"line":14,"column":15},"end":{"line":14,"column":22}},"loc":{"start":{"line":14,"column":27},"end":{"line":22,"column":1}},"line":14},"2":{"name":"create","decl":{"start":{"line":25,"column":15},"end":{"line":25,"column":21}},"loc":{"start":{"line":25,"column":28},"end":{"line":50,"column":1}},"line":25},"3":{"name":"update","decl":{"start":{"line":53,"column":15},"end":{"line":53,"column":21}},"loc":{"start":{"line":53,"column":32},"end":{"line":68,"column":1}},"line":53},"4":{"name":"(anonymous_4)","decl":{"start":{"line":58,"column":94},"end":{"line":58,"column":95}},"loc":{"start":{"line":58,"column":99},"end":{"line":58,"column":125}},"line":58},"5":{"name":"remove","decl":{"start":{"line":71,"column":15},"end":{"line":71,"column":21}},"loc":{"start":{"line":71,"column":26},"end":{"line":79,"column":1}},"line":71}},"branchMap":{"0":{"loc":{"start":{"line":30,"column":2},"end":{"line":32,"column":3}},"type":"if","locations":[{"start":{"line":30,"column":2},"end":{"line":32,"column":3}},{"start":{},"end":{}}],"line":30},"1":{"loc":{"start":{"line":30,"column":6},"end":{"line":30,"column":28}},"type":"binary-expr","locations":[{"start":{"line":30,"column":6},"end":{"line":30,"column":19}},{"start":{"line":30,"column":23},"end":{"line":30,"column":28}}],"line":30},"2":{"loc":{"start":{"line":36,"column":4},"end":{"line":36,"column":24}},"type":"binary-expr","locations":[{"start":{"line":36,"column":4},"end":{"line":36,"column":16}},{"start":{"line":36,"column":20},"end":{"line":36,"column":24}}],"line":36},"3":{"loc":{"start":{"line":37,"column":4},"end":{"line":37,"column":16}},"type":"binary-expr","locations":[{"start":{"line":37,"column":4},"end":{"line":37,"column":8}},{"start":{"line":37,"column":12},"end":{"line":37,"column":16}}],"line":37},"4":{"loc":{"start":{"line":38,"column":4},"end":{"line":38,"column":20}},"type":"binary-expr","locations":[{"start":{"line":38,"column":4},"end":{"line":38,"column":12}},{"start":{"line":38,"column":16},"end":{"line":38,"column":20}}],"line":38},"5":{"loc":{"start":{"line":39,"column":4},"end":{"line":39,"column":17}},"type":"binary-expr","locations":[{"start":{"line":39,"column":4},"end":{"line":39,"column":9}},{"start":{"line":39,"column":13},"end":{"line":39,"column":17}}],"line":39},"6":{"loc":{"start":{"line":40,"column":4},"end":{"line":40,"column":27}},"type":"binary-expr","locations":[{"start":{"line":40,"column":4},"end":{"line":40,"column":19}},{"start":{"line":40,"column":23},"end":{"line":40,"column":27}}],"line":40},"7":{"loc":{"start":{"line":41,"column":4},"end":{"line":41,"column":29}},"type":"binary-expr","locations":[{"start":{"line":41,"column":4},"end":{"line":41,"column":21}},{"start":{"line":41,"column":25},"end":{"line":41,"column":29}}],"line":41},"8":{"loc":{"start":{"line":58,"column":99},"end":{"line":58,"column":125}},"type":"cond-expr","locations":[{"start":{"line":58,"column":117},"end":{"line":58,"column":121}},{"start":{"line":58,"column":124},"end":{"line":58,"column":125}}],"line":58}},"s":{"0":4,"1":3,"2":3,"3":3,"4":3,"5":3,"6":3,"7":3,"8":3,"9":5,"10":5,"11":5,"12":2,"13":3,"14":3,"15":3,"16":2,"17":2,"18":2,"19":12,"20":2,"21":2,"22":2,"23":2,"24":2,"25":2,"26":2,"27":4},"f":{"0":3,"1":3,"2":5,"3":2,"4":12,"5":2},"b":{"0":[2,3],"1":[5,3],"2":[3,0],"3":[3,0],"4":[3,3],"5":[3,3],"6":[3,3],"7":[3,3],"8":[10,2]},"_coverageSchema":"1a1c01bbd47fc00a2c39e90264f33305004495a9","hash":"6dcee19234e3bd60d6d3f890e64584813cee43ac"}
,"C:\\Users\\Alex PC\\Desktop\\SistemaPracticaProfesional\\src\\models\\ordenModel.js": {"path":"C:\\Users\\Alex PC\\Desktop\\SistemaPracticaProfesional\\src\\models\\ordenModel.js","statementMap":{"0":{"start":{"line":1,"column":26},"end":{"line":1,"column":49}},"1":{"start":{"line":5,"column":15},"end":{"line":5,"column":36}},"2":{"start":{"line":6,"column":17},"end":{"line":10,"column":3}},"3":{"start":{"line":11,"column":2},"end":{"line":11,"column":19}},"4":{"start":{"line":12,"column":2},"end":{"line":12,"column":14}},"5":{"start":{"line":17,"column":15},"end":{"line":17,"column":36}},"6":{"start":{"line":18,"column":17},"end":{"line":21,"column":3}},"7":{"start":{"line":22,"column":2},"end":{"line":22,"column":19}},"8":{"start":{"line":23,"column":2},"end":{"line":23,"column":17}},"9":{"start":{"line":28,"column":15},"end":{"line":28,"column":36}},"10":{"start":{"line":29,"column":2},"end":{"line":61,"column":3}},"11":{"start":{"line":30,"column":4},"end":{"line":30,"column":22}},"12":{"start":{"line":31,"column":21},"end":{"line":31,"column":63}},"13":{"start":{"line":32,"column":22},"end":{"line":32,"column":66}},"14":{"start":{"line":33,"column":64},"end":{"line":33,"column":68}},"15":{"start":{"line":36,"column":4},"end":{"line":40,"column":5}},"16":{"start":{"line":38,"column":25},"end":{"line":38,"column":77}},"17":{"start":{"line":39,"column":6},"end":{"line":39,"column":55}},"18":{"start":{"line":39,"column":27},"end":{"line":39,"column":55}},"19":{"start":{"line":41,"column":4},"end":{"line":45,"column":5}},"20":{"start":{"line":43,"column":16},"end":{"line":43,"column":26}},"21":{"start":{"line":44,"column":6},"end":{"line":44,"column":51}},"22":{"start":{"line":46,"column":4},"end":{"line":46,"column":35}},"23":{"start":{"line":47,"column":4},"end":{"line":47,"column":37}},"24":{"start":{"line":48,"column":4},"end":{"line":48,"column":44}},"25":{"start":{"line":50,"column":4},"end":{"line":52,"column":5}},"26":{"start":{"line":51,"column":6},"end":{"line":51,"column":70}},"27":{"start":{"line":54,"column":4},"end":{"line":58,"column":6}},"28":{"start":{"line":60,"column":4},"end":{"line":60,"column":21}},"29":{"start":{"line":66,"column":15},"end":{"line":66,"column":36}},"30":{"start":{"line":67,"column":87},"end":{"line":67,"column":91}},"31":{"start":{"line":70,"column":2},"end":{"line":71,"column":118}},"32":{"start":{"line":71,"column":90},"end":{"line":71,"column":116}},"33":{"start":{"line":73,"column":19},"end":{"line":77,"column":3}},"34":{"start":{"line":78,"column":2},"end":{"line":78,"column":19}},"35":{"start":{"line":79,"column":2},"end":{"line":79,"column":16}},"36":{"start":{"line":84,"column":15},"end":{"line":84,"column":36}},"37":{"start":{"line":85,"column":19},"end":{"line":88,"column":3}},"38":{"start":{"line":89,"column":2},"end":{"line":89,"column":19}},"39":{"start":{"line":90,"column":2},"end":{"line":90,"column":16}},"40":{"start":{"line":93,"column":0},"end":{"line":99,"column":2}}},"fnMap":{"0":{"name":"getAll","decl":{"start":{"line":4,"column":15},"end":{"line":4,"column":21}},"loc":{"start":{"line":4,"column":24},"end":{"line":13,"column":1}},"line":4},"1":{"name":"getById","decl":{"start":{"line":16,"column":15},"end":{"line":16,"column":22}},"loc":{"start":{"line":16,"column":27},"end":{"line":24,"column":1}},"line":16},"2":{"name":"create","decl":{"start":{"line":27,"column":15},"end":{"line":27,"column":21}},"loc":{"start":{"line":27,"column":28},"end":{"line":62,"column":1}},"line":27},"3":{"name":"update","decl":{"start":{"line":65,"column":15},"end":{"line":65,"column":21}},"loc":{"start":{"line":65,"column":32},"end":{"line":80,"column":1}},"line":65},"4":{"name":"(anonymous_4)","decl":{"start":{"line":71,"column":85},"end":{"line":71,"column":86}},"loc":{"start":{"line":71,"column":90},"end":{"line":71,"column":116}},"line":71},"5":{"name":"remove","decl":{"start":{"line":83,"column":15},"end":{"line":83,"column":21}},"loc":{"start":{"line":83,"column":26},"end":{"line":91,"column":1}},"line":83}},"branchMap":{"0":{"loc":{"start":{"line":30,"column":11},"end":{"line":30,"column":21}},"type":"binary-expr","locations":[{"start":{"line":30,"column":11},"end":{"line":30,"column":15}},{"start":{"line":30,"column":19},"end":{"line":30,"column":21}}],"line":30},"1":{"loc":{"start":{"line":31,"column":21},"end":{"line":31,"column":63}},"type":"binary-expr","locations":[{"start":{"line":31,"column":21},"end":{"line":31,"column":36}},{"start":{"line":31,"column":40},"end":{"line":31,"column":55}},{"start":{"line":31,"column":59},"end":{"line":31,"column":63}}],"line":31},"2":{"loc":{"start":{"line":32,"column":22},"end":{"line":32,"column":66}},"type":"binary-expr","locations":[{"start":{"line":32,"column":22},"end":{"line":32,"column":38}},{"start":{"line":32,"column":42},"end":{"line":32,"column":58}},{"start":{"line":32,"column":62},"end":{"line":32,"column":66}}],"line":32},"3":{"loc":{"start":{"line":36,"column":4},"end":{"line":40,"column":5}},"type":"if","locations":[{"start":{"line":36,"column":4},"end":{"line":40,"column":5}},{"start":{},"end":{}}],"line":36},"4":{"loc":{"start":{"line":39,"column":6},"end":{"line":39,"column":55}},"type":"if","locations":[{"start":{"line":39,"column":6},"end":{"line":39,"column":55}},{"start":{},"end":{}}],"line":39},"5":{"loc":{"start":{"line":41,"column":4},"end":{"line":45,"column":5}},"type":"if","locations":[{"start":{"line":41,"column":4},"end":{"line":45,"column":5}},{"start":{},"end":{}}],"line":41},"6":{"loc":{"start":{"line":46,"column":13},"end":{"line":46,"column":34}},"type":"binary-expr","locations":[{"start":{"line":46,"column":13},"end":{"line":46,"column":19}},{"start":{"line":46,"column":23},"end":{"line":46,"column":34}}],"line":46},"7":{"loc":{"start":{"line":47,"column":16},"end":{"line":47,"column":36}},"type":"binary-expr","locations":[{"start":{"line":47,"column":16},"end":{"line":47,"column":25}},{"start":{"line":47,"column":29},"end":{"line":47,"column":36}}],"line":47},"8":{"loc":{"start":{"line":48,"column":21},"end":{"line":48,"column":43}},"type":"binary-expr","locations":[{"start":{"line":48,"column":21},"end":{"line":48,"column":35}},{"start":{"line":48,"column":39},"end":{"line":48,"column":43}}],"line":48},"9":{"loc":{"start":{"line":50,"column":4},"end":{"line":52,"column":5}},"type":"if","locations":[{"start":{"line":50,"column":4},"end":{"line":52,"column":5}},{"start":{},"end":{}}],"line":50},"10":{"loc":{"start":{"line":50,"column":8},"end":{"line":50,"column":38}},"type":"binary-expr","locations":[{"start":{"line":50,"column":8},"end":{"line":50,"column":19}},{"start":{"line":50,"column":23},"end":{"line":50,"column":38}}],"line":50},"11":{"loc":{"start":{"line":57,"column":19},"end":{"line":57,"column":38}},"type":"binary-expr","locations":[{"start":{"line":57,"column":19},"end":{"line":57,"column":30}},{"start":{"line":57,"column":34},"end":{"line":57,"column":38}}],"line":57},"12":{"loc":{"start":{"line":71,"column":90},"end":{"line":71,"column":116}},"type":"cond-expr","locations":[{"start":{"line":71,"column":108},"end":{"line":71,"column":112}},{"start":{"line":71,"column":115},"end":{"line":71,"column":116}}],"line":71}},"s":{"0":4,"1":4,"2":4,"3":4,"4":4,"5":2,"6":2,"7":2,"8":2,"9":5,"10":5,"11":5,"12":5,"13":5,"14":5,"15":5,"16":5,"17":5,"18":4,"19":5,"20":5,"21":5,"22":5,"23":5,"24":5,"25":5,"26":1,"27":4,"28":5,"29":2,"30":2,"31":2,"32":12,"33":2,"34":1,"35":1,"36":2,"37":2,"38":2,"39":2,"40":4},"f":{"0":4,"1":2,"2":5,"3":2,"4":12,"5":2},"b":{"0":[5,0],"1":[5,5,5],"2":[5,2,2],"3":[5,0],"4":[4,1],"5":[5,0],"6":[5,5],"7":[5,5],"8":[5,3],"9":[1,4],"10":[5,4],"11":[4,1],"12":[10,2]},"_coverageSchema":"1a1c01bbd47fc00a2c39e90264f33305004495a9","hash":"406e9dd6938cd5e123d2d5511e78538309bcfaf5"}
,"C:\\Users\\Alex PC\\Desktop\\SistemaPracticaProfesional\\src\\models\\reclamoModel.js": {"path":"C:\\Users\\Alex PC\\Desktop\\SistemaPracticaProfesional\\src\\models\\reclamoModel.js","statementMap":{"0":{"start":{"line":1,"column":26},"end":{"line":1,"column":49}},"1":{"start":{"line":5,"column":2},"end":{"line":17,"column":5}},"2":{"start":{"line":22,"column":15},"end":{"line":22,"column":36}},"3":{"start":{"line":23,"column":2},"end":{"line":33,"column":3}},"4":{"start":{"line":24,"column":4},"end":{"line":24,"column":34}},"5":{"start":{"line":25,"column":19},"end":{"line":29,"column":5}},"6":{"start":{"line":30,"column":4},"end":{"line":30,"column":16}},"7":{"start":{"line":32,"column":4},"end":{"line":32,"column":21}},"8":{"start":{"line":38,"column":15},"end":{"line":38,"column":36}},"9":{"start":{"line":39,"column":2},"end":{"line":48,"column":3}},"10":{"start":{"line":40,"column":4},"end":{"line":40,"column":34}},"11":{"start":{"line":41,"column":19},"end":{"line":44,"column":5}},"12":{"start":{"line":45,"column":4},"end":{"line":45,"column":19}},"13":{"start":{"line":47,"column":4},"end":{"line":47,"column":21}},"14":{"start":{"line":53,"column":15},"end":{"line":53,"column":36}},"15":{"start":{"line":54,"column":2},"end":{"line":69,"column":3}},"16":{"start":{"line":55,"column":4},"end":{"line":55,"column":34}},"17":{"start":{"line":56,"column":64},"end":{"line":56,"column":68}},"18":{"start":{"line":58,"column":4},"end":{"line":60,"column":5}},"19":{"start":{"line":59,"column":6},"end":{"line":59,"column":51}},"20":{"start":{"line":62,"column":4},"end":{"line":66,"column":6}},"21":{"start":{"line":68,"column":4},"end":{"line":68,"column":21}},"22":{"start":{"line":74,"column":15},"end":{"line":74,"column":36}},"23":{"start":{"line":75,"column":2},"end":{"line":88,"column":3}},"24":{"start":{"line":76,"column":4},"end":{"line":76,"column":34}},"25":{"start":{"line":77,"column":54},"end":{"line":77,"column":58}},"26":{"start":{"line":79,"column":21},"end":{"line":84,"column":5}},"27":{"start":{"line":85,"column":4},"end":{"line":85,"column":18}},"28":{"start":{"line":87,"column":4},"end":{"line":87,"column":21}},"29":{"start":{"line":93,"column":15},"end":{"line":93,"column":36}},"30":{"start":{"line":94,"column":2},"end":{"line":103,"column":3}},"31":{"start":{"line":95,"column":4},"end":{"line":95,"column":34}},"32":{"start":{"line":96,"column":21},"end":{"line":99,"column":5}},"33":{"start":{"line":100,"column":4},"end":{"line":100,"column":18}},"34":{"start":{"line":102,"column":4},"end":{"line":102,"column":21}},"35":{"start":{"line":106,"column":0},"end":{"line":112,"column":2}}},"fnMap":{"0":{"name":"ensureTableExists","decl":{"start":{"line":4,"column":15},"end":{"line":4,"column":32}},"loc":{"start":{"line":4,"column":39},"end":{"line":18,"column":1}},"line":4},"1":{"name":"getAll","decl":{"start":{"line":21,"column":15},"end":{"line":21,"column":21}},"loc":{"start":{"line":21,"column":24},"end":{"line":34,"column":1}},"line":21},"2":{"name":"getById","decl":{"start":{"line":37,"column":15},"end":{"line":37,"column":22}},"loc":{"start":{"line":37,"column":27},"end":{"line":49,"column":1}},"line":37},"3":{"name":"create","decl":{"start":{"line":52,"column":15},"end":{"line":52,"column":21}},"loc":{"start":{"line":52,"column":28},"end":{"line":70,"column":1}},"line":52},"4":{"name":"update","decl":{"start":{"line":73,"column":15},"end":{"line":73,"column":21}},"loc":{"start":{"line":73,"column":32},"end":{"line":89,"column":1}},"line":73},"5":{"name":"remove","decl":{"start":{"line":92,"column":15},"end":{"line":92,"column":21}},"loc":{"start":{"line":92,"column":26},"end":{"line":104,"column":1}},"line":92}},"branchMap":{"0":{"loc":{"start":{"line":58,"column":4},"end":{"line":60,"column":5}},"type":"if","locations":[{"start":{"line":58,"column":4},"end":{"line":60,"column":5}},{"start":{},"end":{}}],"line":58},"1":{"loc":{"start":{"line":65,"column":19},"end":{"line":65,"column":38}},"type":"binary-expr","locations":[{"start":{"line":65,"column":19},"end":{"line":65,"column":30}},{"start":{"line":65,"column":34},"end":{"line":65,"column":38}}],"line":65},"2":{"loc":{"start":{"line":65,"column":41},"end":{"line":65,"column":62}},"type":"binary-expr","locations":[{"start":{"line":65,"column":41},"end":{"line":65,"column":47}},{"start":{"line":65,"column":51},"end":{"line":65,"column":62}}],"line":65},"3":{"loc":{"start":{"line":65,"column":66},"end":{"line":65,"column":120}},"type":"cond-expr","locations":[{"start":{"line":65,"column":83},"end":{"line":65,"column":107}},{"start":{"line":65,"column":110},"end":{"line":65,"column":120}}],"line":65},"4":{"loc":{"start":{"line":83,"column":7},"end":{"line":83,"column":26}},"type":"binary-expr","locations":[{"start":{"line":83,"column":7},"end":{"line":83,"column":18}},{"start":{"line":83,"column":22},"end":{"line":83,"column":26}}],"line":83},"5":{"loc":{"start":{"line":83,"column":28},"end":{"line":83,"column":42}},"type":"binary-expr","locations":[{"start":{"line":83,"column":28},"end":{"line":83,"column":34}},{"start":{"line":83,"column":38},"end":{"line":83,"column":42}}],"line":83},"6":{"loc":{"start":{"line":83,"column":44},"end":{"line":83,"column":68}},"type":"binary-expr","locations":[{"start":{"line":83,"column":44},"end":{"line":83,"column":60}},{"start":{"line":83,"column":64},"end":{"line":83,"column":68}}],"line":83}},"s":{"0":4,"1":14,"2":3,"3":3,"4":3,"5":3,"6":3,"7":3,"8":2,"9":2,"10":2,"11":2,"12":2,"13":2,"14":5,"15":5,"16":5,"17":5,"18":5,"19":2,"20":3,"21":5,"22":2,"23":2,"24":2,"25":2,"26":2,"27":2,"28":2,"29":2,"30":2,"31":2,"32":2,"33":2,"34":2,"35":4},"f":{"0":14,"1":3,"2":2,"3":5,"4":2,"5":2},"b":{"0":[2,3],"1":[3,0],"2":[3,3],"3":[0,3],"4":[2,2],"5":[2,0],"6":[2,2]},"_coverageSchema":"1a1c01bbd47fc00a2c39e90264f33305004495a9","hash":"e28f36e7abf7b7a40c1f169445ef5c4d6fad7dc9"}
,"C:\\Users\\Alex PC\\Desktop\\SistemaPracticaProfesional\\src\\models\\tecnicoModel.js": {"path":"C:\\Users\\Alex PC\\Desktop\\SistemaPracticaProfesional\\src\\models\\tecnicoModel.js","statementMap":{"0":{"start":{"line":1,"column":26},"end":{"line":1,"column":49}},"1":{"start":{"line":5,"column":2},"end":{"line":14,"column":3}},"2":{"start":{"line":6,"column":17},"end":{"line":6,"column":38}},"3":{"start":{"line":7,"column":18},"end":{"line":7,"column":132}},"4":{"start":{"line":8,"column":19},"end":{"line":8,"column":44}},"5":{"start":{"line":9,"column":4},"end":{"line":9,"column":21}},"6":{"start":{"line":10,"column":4},"end":{"line":10,"column":16}},"7":{"start":{"line":12,"column":4},"end":{"line":12,"column":64}},"8":{"start":{"line":13,"column":4},"end":{"line":13,"column":16}},"9":{"start":{"line":19,"column":15},"end":{"line":19,"column":36}},"10":{"start":{"line":20,"column":17},"end":{"line":23,"column":3}},"11":{"start":{"line":24,"column":2},"end":{"line":24,"column":19}},"12":{"start":{"line":25,"column":2},"end":{"line":25,"column":17}},"13":{"start":{"line":30,"column":15},"end":{"line":30,"column":36}},"14":{"start":{"line":31,"column":2},"end":{"line":68,"column":3}},"15":{"start":{"line":32,"column":94},"end":{"line":32,"column":104}},"16":{"start":{"line":35,"column":4},"end":{"line":37,"column":5}},"17":{"start":{"line":36,"column":6},"end":{"line":36,"column":81}},"18":{"start":{"line":40,"column":27},"end":{"line":43,"column":5}},"19":{"start":{"line":45,"column":4},"end":{"line":47,"column":5}},"20":{"start":{"line":46,"column":6},"end":{"line":46,"column":46}},"21":{"start":{"line":50,"column":20},"end":{"line":59,"column":5}},"22":{"start":{"line":61,"column":4},"end":{"line":65,"column":6}},"23":{"start":{"line":67,"column":4},"end":{"line":67,"column":21}},"24":{"start":{"line":73,"column":15},"end":{"line":73,"column":36}},"25":{"start":{"line":74,"column":90},"end":{"line":74,"column":94}},"26":{"start":{"line":77,"column":28},"end":{"line":80,"column":3}},"27":{"start":{"line":82,"column":2},"end":{"line":84,"column":3}},"28":{"start":{"line":83,"column":4},"end":{"line":83,"column":45}},"29":{"start":{"line":87,"column":2},"end":{"line":96,"column":3}},"30":{"start":{"line":88,"column":27},"end":{"line":91,"column":5}},"31":{"start":{"line":93,"column":4},"end":{"line":95,"column":5}},"32":{"start":{"line":94,"column":6},"end":{"line":94,"column":46}},"33":{"start":{"line":99,"column":18},"end":{"line":109,"column":3}},"34":{"start":{"line":111,"column":19},"end":{"line":116,"column":3}},"35":{"start":{"line":117,"column":2},"end":{"line":117,"column":19}},"36":{"start":{"line":118,"column":2},"end":{"line":118,"column":16}},"37":{"start":{"line":123,"column":15},"end":{"line":123,"column":36}},"38":{"start":{"line":124,"column":19},"end":{"line":127,"column":3}},"39":{"start":{"line":128,"column":2},"end":{"line":128,"column":19}},"40":{"start":{"line":129,"column":2},"end":{"line":129,"column":16}},"41":{"start":{"line":134,"column":15},"end":{"line":134,"column":36}},"42":{"start":{"line":135,"column":17},"end":{"line":143,"column":3}},"43":{"start":{"line":144,"column":2},"end":{"line":144,"column":19}},"44":{"start":{"line":145,"column":2},"end":{"line":145,"column":14}},"45":{"start":{"line":150,"column":15},"end":{"line":150,"column":36}},"46":{"start":{"line":153,"column":20},"end":{"line":156,"column":3}},"47":{"start":{"line":158,"column":2},"end":{"line":160,"column":3}},"48":{"start":{"line":159,"column":4},"end":{"line":159,"column":45}},"49":{"start":{"line":162,"column":19},"end":{"line":165,"column":3}},"50":{"start":{"line":166,"column":2},"end":{"line":166,"column":19}},"51":{"start":{"line":167,"column":2},"end":{"line":167,"column":16}},"52":{"start":{"line":170,"column":0},"end":{"line":178,"column":2}}},"fnMap":{"0":{"name":"getAll","decl":{"start":{"line":4,"column":15},"end":{"line":4,"column":21}},"loc":{"start":{"line":4,"column":24},"end":{"line":15,"column":1}},"line":4},"1":{"name":"getById","decl":{"start":{"line":18,"column":15},"end":{"line":18,"column":22}},"loc":{"start":{"line":18,"column":27},"end":{"line":26,"column":1}},"line":18},"2":{"name":"create","decl":{"start":{"line":29,"column":15},"end":{"line":29,"column":21}},"loc":{"start":{"line":29,"column":28},"end":{"line":69,"column":1}},"line":29},"3":{"name":"update","decl":{"start":{"line":72,"column":15},"end":{"line":72,"column":21}},"loc":{"start":{"line":72,"column":32},"end":{"line":119,"column":1}},"line":72},"4":{"name":"remove","decl":{"start":{"line":122,"column":15},"end":{"line":122,"column":21}},"loc":{"start":{"line":122,"column":26},"end":{"line":130,"column":1}},"line":122},"5":{"name":"getOrdenesAsignadas","decl":{"start":{"line":133,"column":15},"end":{"line":133,"column":34}},"loc":{"start":{"line":133,"column":46},"end":{"line":146,"column":1}},"line":133},"6":{"name":"asignarOrden","decl":{"start":{"line":149,"column":15},"end":{"line":149,"column":27}},"loc":{"start":{"line":149,"column":48},"end":{"line":168,"column":1}},"line":149}},"branchMap":{"0":{"loc":{"start":{"line":32,"column":94},"end":{"line":32,"column":104}},"type":"binary-expr","locations":[{"start":{"line":32,"column":94},"end":{"line":32,"column":98}},{"start":{"line":32,"column":102},"end":{"line":32,"column":104}}],"line":32},"1":{"loc":{"start":{"line":35,"column":4},"end":{"line":37,"column":5}},"type":"if","locations":[{"start":{"line":35,"column":4},"end":{"line":37,"column":5}},{"start":{},"end":{}}],"line":35},"2":{"loc":{"start":{"line":35,"column":8},"end":{"line":35,"column":53}},"type":"binary-expr","locations":[{"start":{"line":35,"column":8},"end":{"line":35,"column":15}},{"start":{"line":35,"column":19},"end":{"line":35,"column":28}},{"start":{"line":35,"column":32},"end":{"line":35,"column":40}},{"start":{"line":35,"column":44},"end":{"line":35,"column":53}}],"line":35},"3":{"loc":{"start":{"line":45,"column":4},"end":{"line":47,"column":5}},"type":"if","locations":[{"start":{"line":45,"column":4},"end":{"line":47,"column":5}},{"start":{},"end":{}}],"line":45},"4":{"loc":{"start":{"line":55,"column":6},"end":{"line":55,"column":19}},"type":"binary-expr","locations":[{"start":{"line":55,"column":6},"end":{"line":55,"column":11}},{"start":{"line":55,"column":15},"end":{"line":55,"column":19}}],"line":55},"5":{"loc":{"start":{"line":56,"column":6},"end":{"line":56,"column":26}},"type":"binary-expr","locations":[{"start":{"line":56,"column":6},"end":{"line":56,"column":18}},{"start":{"line":56,"column":22},"end":{"line":56,"column":26}}],"line":56},"6":{"loc":{"start":{"line":57,"column":6},"end":{"line":57,"column":22}},"type":"binary-expr","locations":[{"start":{"line":57,"column":6},"end":{"line":57,"column":14}},{"start":{"line":57,"column":18},"end":{"line":57,"column":22}}],"line":57},"7":{"loc":{"start":{"line":58,"column":6},"end":{"line":58,"column":23}},"type":"binary-expr","locations":[{"start":{"line":58,"column":6},"end":{"line":58,"column":15}},{"start":{"line":58,"column":19},"end":{"line":58,"column":23}}],"line":58},"8":{"loc":{"start":{"line":82,"column":2},"end":{"line":84,"column":3}},"type":"if","locations":[{"start":{"line":82,"column":2},"end":{"line":84,"column":3}},{"start":{},"end":{}}],"line":82},"9":{"loc":{"start":{"line":87,"column":2},"end":{"line":96,"column":3}},"type":"if","locations":[{"start":{"line":87,"column":2},"end":{"line":96,"column":3}},{"start":{},"end":{}}],"line":87},"10":{"loc":{"start":{"line":93,"column":4},"end":{"line":95,"column":5}},"type":"if","locations":[{"start":{"line":93,"column":4},"end":{"line":95,"column":5}},{"start":{},"end":{}}],"line":93},"11":{"loc":{"start":{"line":100,"column":4},"end":{"line":100,"column":18}},"type":"binary-expr","locations":[{"start":{"line":100,"column":4},"end":{"line":100,"column":10}},{"start":{"line":100,"column":14},"end":{"line":100,"column":18}}],"line":100},"12":{"loc":{"start":{"line":101,"column":4},"end":{"line":101,"column":20}},"type":"binary-expr","locations":[{"start":{"line":101,"column":4},"end":{"line":101,"column":12}},{"start":{"line":101,"column":16},"end":{"line":101,"column":20}}],"line":101},"13":{"loc":{"start":{"line":102,"column":4},"end":{"line":102,"column":19}},"type":"binary-expr","locations":[{"start":{"line":102,"column":4},"end":{"line":102,"column":11}},{"start":{"line":102,"column":15},"end":{"line":102,"column":19}}],"line":102},"14":{"loc":{"start":{"line":103,"column":4},"end":{"line":103,"column":17}},"type":"binary-expr","locations":[{"start":{"line":103,"column":4},"end":{"line":103,"column":9}},{"start":{"line":103,"column":13},"end":{"line":103,"column":17}}],"line":103},"15":{"loc":{"start":{"line":104,"column":4},"end":{"line":104,"column":24}},"type":"binary-expr","locations":[{"start":{"line":104,"column":4},"end":{"line":104,"column":16}},{"start":{"line":104,"column":20},"end":{"line":104,"column":24}}],"line":104},"16":{"loc":{"start":{"line":105,"column":4},"end":{"line":105,"column":20}},"type":"binary-expr","locations":[{"start":{"line":105,"column":4},"end":{"line":105,"column":12}},{"start":{"line":105,"column":16},"end":{"line":105,"column":20}}],"line":105},"17":{"loc":{"start":{"line":106,"column":4},"end":{"line":106,"column":21}},"type":"binary-expr","locations":[{"start":{"line":106,"column":4},"end":{"line":106,"column":13}},{"start":{"line":106,"column":17},"end":{"line":106,"column":21}}],"line":106},"18":{"loc":{"start":{"line":107,"column":4},"end":{"line":107,"column":18}},"type":"binary-expr","locations":[{"start":{"line":107,"column":4},"end":{"line":107,"column":10}},{"start":{"line":107,"column":14},"end":{"line":107,"column":18}}],"line":107},"19":{"loc":{"start":{"line":158,"column":2},"end":{"line":160,"column":3}},"type":"if","locations":[{"start":{"line":158,"column":2},"end":{"line":160,"column":3}},{"start":{},"end":{}}],"line":158}},"s":{"0":4,"1":3,"2":3,"3":3,"4":3,"5":3,"6":3,"7":0,"8":0,"9":2,"10":2,"11":2,"12":2,"13":6,"14":6,"15":6,"16":6,"17":2,"18":4,"19":4,"20":1,"21":3,"22":3,"23":6,"24":3,"25":3,"26":3,"27":3,"28":1,"29":2,"30":2,"31":2,"32":1,"33":1,"34":1,"35":1,"36":1,"37":1,"38":1,"39":1,"40":1,"41":2,"42":2,"43":2,"44":2,"45":3,"46":3,"47":3,"48":1,"49":2,"50":2,"51":2,"52":4},"f":{"0":3,"1":2,"2":6,"3":3,"4":1,"5":2,"6":3},"b":{"0":[6,0],"1":[2,4],"2":[6,6,4,4],"3":[1,3],"4":[3,3],"5":[3,3],"6":[3,3],"7":[3,3],"8":[1,2],"9":[2,0],"10":[1,1],"11":[1,0],"12":[1,1],"13":[1,0],"14":[1,1],"15":[1,1],"16":[1,1],"17":[1,1],"18":[1,1],"19":[1,2]},"_coverageSchema":"1a1c01bbd47fc00a2c39e90264f33305004495a9","hash":"16548b52824136ddd09b26723375456ec17766b1"}
,"C:\\Users\\Alex PC\\Desktop\\SistemaPracticaProfesional\\src\\routes\\clienteRoutes.js": {"path":"C:\\Users\\Alex PC\\Desktop\\SistemaPracticaProfesional\\src\\routes\\clienteRoutes.js","statementMap":{"0":{"start":{"line":1,"column":16},"end":{"line":1,"column":34}},"1":{"start":{"line":2,"column":15},"end":{"line":2,"column":31}},"2":{"start":{"line":3,"column":21},"end":{"line":3,"column":54}},"3":{"start":{"line":6,"column":0},"end":{"line":14,"column":3}},"4":{"start":{"line":7,"column":2},"end":{"line":13,"column":3}},"5":{"start":{"line":8,"column":21},"end":{"line":8,"column":48}},"6":{"start":{"line":9,"column":4},"end":{"line":9,"column":23}},"7":{"start":{"line":11,"column":4},"end":{"line":11,"column":55}},"8":{"start":{"line":12,"column":4},"end":{"line":12,"column":65}},"9":{"start":{"line":17,"column":0},"end":{"line":26,"column":3}},"10":{"start":{"line":18,"column":2},"end":{"line":25,"column":3}},"11":{"start":{"line":19,"column":20},"end":{"line":19,"column":61}},"12":{"start":{"line":20,"column":4},"end":{"line":20,"column":82}},"13":{"start":{"line":20,"column":18},"end":{"line":20,"column":82}},"14":{"start":{"line":21,"column":4},"end":{"line":21,"column":22}},"15":{"start":{"line":23,"column":4},"end":{"line":23,"column":54}},"16":{"start":{"line":24,"column":4},"end":{"line":24,"column":64}},"17":{"start":{"line":29,"column":0},"end":{"line":40,"column":3}},"18":{"start":{"line":30,"column":2},"end":{"line":39,"column":3}},"19":{"start":{"line":31,"column":4},"end":{"line":31,"column":40}},"20":{"start":{"line":32,"column":4},"end":{"line":32,"column":58}},"21":{"start":{"line":34,"column":4},"end":{"line":34,"column":52}},"22":{"start":{"line":35,"column":4},"end":{"line":37,"column":5}},"23":{"start":{"line":36,"column":6},"end":{"line":36,"column":58}},"24":{"start":{"line":38,"column":4},"end":{"line":38,"column":62}},"25":{"start":{"line":43,"column":0},"end":{"line":54,"column":3}},"26":{"start":{"line":44,"column":2},"end":{"line":53,"column":3}},"27":{"start":{"line":45,"column":19},"end":{"line":45,"column":69}},"28":{"start":{"line":46,"column":4},"end":{"line":48,"column":5}},"29":{"start":{"line":47,"column":6},"end":{"line":47,"column":70}},"30":{"start":{"line":49,"column":4},"end":{"line":49,"column":63}},"31":{"start":{"line":51,"column":4},"end":{"line":51,"column":57}},"32":{"start":{"line":52,"column":4},"end":{"line":52,"column":67}},"33":{"start":{"line":57,"column":0},"end":{"line":68,"column":3}},"34":{"start":{"line":58,"column":2},"end":{"line":67,"column":3}},"35":{"start":{"line":59,"column":19},"end":{"line":59,"column":59}},"36":{"start":{"line":60,"column":4},"end":{"line":62,"column":5}},"37":{"start":{"line":61,"column":6},"end":{"line":61,"column":70}},"38":{"start":{"line":63,"column":4},"end":{"line":63,"column":61}},"39":{"start":{"line":65,"column":4},"end":{"line":65,"column":55}},"40":{"start":{"line":66,"column":4},"end":{"line":66,"column":65}},"41":{"start":{"line":70,"column":0},"end":{"line":70,"column":24}}},"fnMap":{"0":{"name":"(anonymous_0)","decl":{"start":{"line":6,"column":16},"end":{"line":6,"column":17}},"loc":{"start":{"line":6,"column":36},"end":{"line":14,"column":1}},"line":6},"1":{"name":"(anonymous_1)","decl":{"start":{"line":17,"column":19},"end":{"line":17,"column":20}},"loc":{"start":{"line":17,"column":39},"end":{"line":26,"column":1}},"line":17},"2":{"name":"(anonymous_2)","decl":{"start":{"line":29,"column":17},"end":{"line":29,"column":18}},"loc":{"start":{"line":29,"column":37},"end":{"line":40,"column":1}},"line":29},"3":{"name":"(anonymous_3)","decl":{"start":{"line":43,"column":19},"end":{"line":43,"column":20}},"loc":{"start":{"line":43,"column":39},"end":{"line":54,"column":1}},"line":43},"4":{"name":"(anonymous_4)","decl":{"start":{"line":57,"column":22},"end":{"line":57,"column":23}},"loc":{"start":{"line":57,"column":42},"end":{"line":68,"column":1}},"line":57}},"branchMap":{"0":{"loc":{"start":{"line":20,"column":4},"end":{"line":20,"column":82}},"type":"if","locations":[{"start":{"line":20,"column":4},"end":{"line":20,"column":82}},{"start":{},"end":{}}],"line":20},"1":{"loc":{"start":{"line":35,"column":4},"end":{"line":37,"column":5}},"type":"if","locations":[{"start":{"line":35,"column":4},"end":{"line":37,"column":5}},{"start":{},"end":{}}],"line":35},"2":{"loc":{"start":{"line":46,"column":4},"end":{"line":48,"column":5}},"type":"if","locations":[{"start":{"line":46,"column":4},"end":{"line":48,"column":5}},{"start":{},"end":{}}],"line":46},"3":{"loc":{"start":{"line":60,"column":4},"end":{"line":62,"column":5}},"type":"if","locations":[{"start":{"line":60,"column":4},"end":{"line":62,"column":5}},{"start":{},"end":{}}],"line":60}},"s":{"0":3,"1":3,"2":3,"3":3,"4":2,"5":2,"6":2,"7":0,"8":0,"9":3,"10":2,"11":2,"12":2,"13":1,"14":1,"15":0,"16":0,"17":3,"18":3,"19":3,"20":2,"21":1,"22":1,"23":1,"24":0,"25":3,"26":1,"27":1,"28":1,"29":0,"30":1,"31":0,"32":0,"33":3,"34":1,"35":1,"36":1,"37":0,"38":1,"39":0,"40":0,"41":3},"f":{"0":2,"1":2,"2":3,"3":1,"4":1},"b":{"0":[1,1],"1":[1,0],"2":[0,1],"3":[0,1]},"_coverageSchema":"1a1c01bbd47fc00a2c39e90264f33305004495a9","hash":"56693b80ffbd13e56e5da4acd02f7af334a1e555"}
,"C:\\Users\\Alex PC\\Desktop\\SistemaPracticaProfesional\\src\\routes\\ordenRoutes.js": {"path":"C:\\Users\\Alex PC\\Desktop\\SistemaPracticaProfesional\\src\\routes\\ordenRoutes.js","statementMap":{"0":{"start":{"line":1,"column":16},"end":{"line":1,"column":34}},"1":{"start":{"line":2,"column":15},"end":{"line":2,"column":31}},"2":{"start":{"line":3,"column":19},"end":{"line":3,"column":50}},"3":{"start":{"line":6,"column":0},"end":{"line":14,"column":3}},"4":{"start":{"line":7,"column":2},"end":{"line":13,"column":3}},"5":{"start":{"line":8,"column":20},"end":{"line":8,"column":45}},"6":{"start":{"line":9,"column":4},"end":{"line":9,"column":22}},"7":{"start":{"line":11,"column":4},"end":{"line":11,"column":54}},"8":{"start":{"line":12,"column":4},"end":{"line":12,"column":64}},"9":{"start":{"line":17,"column":0},"end":{"line":25,"column":3}},"10":{"start":{"line":18,"column":2},"end":{"line":24,"column":3}},"11":{"start":{"line":19,"column":4},"end":{"line":19,"column":38}},"12":{"start":{"line":20,"column":4},"end":{"line":20,"column":56}},"13":{"start":{"line":22,"column":4},"end":{"line":22,"column":50}},"14":{"start":{"line":23,"column":4},"end":{"line":23,"column":60}},"15":{"start":{"line":28,"column":0},"end":{"line":39,"column":3}},"16":{"start":{"line":29,"column":2},"end":{"line":38,"column":3}},"17":{"start":{"line":30,"column":19},"end":{"line":30,"column":67}},"18":{"start":{"line":31,"column":4},"end":{"line":33,"column":5}},"19":{"start":{"line":32,"column":6},"end":{"line":32,"column":68}},"20":{"start":{"line":34,"column":4},"end":{"line":34,"column":61}},"21":{"start":{"line":36,"column":4},"end":{"line":36,"column":55}},"22":{"start":{"line":37,"column":4},"end":{"line":37,"column":65}},"23":{"start":{"line":42,"column":0},"end":{"line":53,"column":3}},"24":{"start":{"line":43,"column":2},"end":{"line":52,"column":3}},"25":{"start":{"line":44,"column":19},"end":{"line":44,"column":57}},"26":{"start":{"line":45,"column":4},"end":{"line":47,"column":5}},"27":{"start":{"line":46,"column":6},"end":{"line":46,"column":68}},"28":{"start":{"line":48,"column":4},"end":{"line":48,"column":59}},"29":{"start":{"line":50,"column":4},"end":{"line":50,"column":53}},"30":{"start":{"line":51,"column":4},"end":{"line":51,"column":63}},"31":{"start":{"line":56,"column":0},"end":{"line":64,"column":3}},"32":{"start":{"line":57,"column":2},"end":{"line":63,"column":3}},"33":{"start":{"line":58,"column":20},"end":{"line":58,"column":45}},"34":{"start":{"line":59,"column":26},"end":{"line":59,"column":63}},"35":{"start":{"line":59,"column":46},"end":{"line":59,"column":62}},"36":{"start":{"line":60,"column":4},"end":{"line":60,"column":28}},"37":{"start":{"line":62,"column":4},"end":{"line":62,"column":76}},"38":{"start":{"line":67,"column":0},"end":{"line":76,"column":3}},"39":{"start":{"line":68,"column":2},"end":{"line":75,"column":3}},"40":{"start":{"line":69,"column":18},"end":{"line":69,"column":57}},"41":{"start":{"line":70,"column":4},"end":{"line":70,"column":78}},"42":{"start":{"line":70,"column":16},"end":{"line":70,"column":78}},"43":{"start":{"line":71,"column":4},"end":{"line":71,"column":20}},"44":{"start":{"line":73,"column":4},"end":{"line":73,"column":52}},"45":{"start":{"line":74,"column":4},"end":{"line":74,"column":62}},"46":{"start":{"line":78,"column":0},"end":{"line":78,"column":24}}},"fnMap":{"0":{"name":"(anonymous_0)","decl":{"start":{"line":6,"column":16},"end":{"line":6,"column":17}},"loc":{"start":{"line":6,"column":36},"end":{"line":14,"column":1}},"line":6},"1":{"name":"(anonymous_1)","decl":{"start":{"line":17,"column":17},"end":{"line":17,"column":18}},"loc":{"start":{"line":17,"column":37},"end":{"line":25,"column":1}},"line":17},"2":{"name":"(anonymous_2)","decl":{"start":{"line":28,"column":19},"end":{"line":28,"column":20}},"loc":{"start":{"line":28,"column":39},"end":{"line":39,"column":1}},"line":28},"3":{"name":"(anonymous_3)","decl":{"start":{"line":42,"column":22},"end":{"line":42,"column":23}},"loc":{"start":{"line":42,"column":42},"end":{"line":53,"column":1}},"line":42},"4":{"name":"(anonymous_4)","decl":{"start":{"line":56,"column":22},"end":{"line":56,"column":23}},"loc":{"start":{"line":56,"column":42},"end":{"line":64,"column":1}},"line":56},"5":{"name":"(anonymous_5)","decl":{"start":{"line":59,"column":41},"end":{"line":59,"column":42}},"loc":{"start":{"line":59,"column":46},"end":{"line":59,"column":62}},"line":59},"6":{"name":"(anonymous_6)","decl":{"start":{"line":67,"column":19},"end":{"line":67,"column":20}},"loc":{"start":{"line":67,"column":39},"end":{"line":76,"column":1}},"line":67}},"branchMap":{"0":{"loc":{"start":{"line":31,"column":4},"end":{"line":33,"column":5}},"type":"if","locations":[{"start":{"line":31,"column":4},"end":{"line":33,"column":5}},{"start":{},"end":{}}],"line":31},"1":{"loc":{"start":{"line":45,"column":4},"end":{"line":47,"column":5}},"type":"if","locations":[{"start":{"line":45,"column":4},"end":{"line":47,"column":5}},{"start":{},"end":{}}],"line":45},"2":{"loc":{"start":{"line":70,"column":4},"end":{"line":70,"column":78}},"type":"if","locations":[{"start":{"line":70,"column":4},"end":{"line":70,"column":78}},{"start":{},"end":{}}],"line":70}},"s":{"0":3,"1":3,"2":3,"3":3,"4":2,"5":2,"6":2,"7":0,"8":0,"9":3,"10":3,"11":3,"12":3,"13":0,"14":0,"15":3,"16":1,"17":1,"18":0,"19":0,"20":0,"21":1,"22":1,"23":3,"24":1,"25":1,"26":1,"27":0,"28":1,"29":0,"30":0,"31":3,"32":1,"33":1,"34":1,"35":26,"36":1,"37":0,"38":3,"39":1,"40":1,"41":1,"42":1,"43":0,"44":0,"45":0,"46":3},"f":{"0":2,"1":3,"2":1,"3":1,"4":1,"5":26,"6":1},"b":{"0":[0,0],"1":[0,1],"2":[1,0]},"_coverageSchema":"1a1c01bbd47fc00a2c39e90264f33305004495a9","hash":"bd4fd040a4a69a42582e04773ca49cb66ff4d98e"}
,"C:\\Users\\Alex PC\\Desktop\\SistemaPracticaProfesional\\src\\routes\\reclamoRoutes.js": {"path":"C:\\Users\\Alex PC\\Desktop\\SistemaPracticaProfesional\\src\\routes\\reclamoRoutes.js","statementMap":{"0":{"start":{"line":1,"column":16},"end":{"line":1,"column":34}},"1":{"start":{"line":2,"column":15},"end":{"line":2,"column":31}},"2":{"start":{"line":3,"column":21},"end":{"line":3,"column":54}},"3":{"start":{"line":6,"column":0},"end":{"line":14,"column":3}},"4":{"start":{"line":7,"column":2},"end":{"line":13,"column":3}},"5":{"start":{"line":8,"column":21},"end":{"line":8,"column":48}},"6":{"start":{"line":9,"column":4},"end":{"line":9,"column":23}},"7":{"start":{"line":11,"column":4},"end":{"line":11,"column":53}},"8":{"start":{"line":12,"column":4},"end":{"line":12,"column":65}},"9":{"start":{"line":17,"column":0},"end":{"line":26,"column":3}},"10":{"start":{"line":18,"column":2},"end":{"line":25,"column":3}},"11":{"start":{"line":19,"column":20},"end":{"line":19,"column":61}},"12":{"start":{"line":20,"column":4},"end":{"line":20,"column":82}},"13":{"start":{"line":20,"column":18},"end":{"line":20,"column":82}},"14":{"start":{"line":21,"column":4},"end":{"line":21,"column":22}},"15":{"start":{"line":23,"column":4},"end":{"line":23,"column":52}},"16":{"start":{"line":24,"column":4},"end":{"line":24,"column":64}},"17":{"start":{"line":29,"column":0},"end":{"line":40,"column":3}},"18":{"start":{"line":30,"column":2},"end":{"line":39,"column":3}},"19":{"start":{"line":31,"column":4},"end":{"line":31,"column":40}},"20":{"start":{"line":32,"column":4},"end":{"line":32,"column":58}},"21":{"start":{"line":34,"column":4},"end":{"line":34,"column":50}},"22":{"start":{"line":35,"column":4},"end":{"line":37,"column":5}},"23":{"start":{"line":36,"column":6},"end":{"line":36,"column":58}},"24":{"start":{"line":38,"column":4},"end":{"line":38,"column":62}},"25":{"start":{"line":43,"column":0},"end":{"line":54,"column":3}},"26":{"start":{"line":44,"column":2},"end":{"line":53,"column":3}},"27":{"start":{"line":45,"column":19},"end":{"line":45,"column":69}},"28":{"start":{"line":46,"column":4},"end":{"line":48,"column":5}},"29":{"start":{"line":47,"column":6},"end":{"line":47,"column":70}},"30":{"start":{"line":49,"column":4},"end":{"line":49,"column":63}},"31":{"start":{"line":51,"column":4},"end":{"line":51,"column":55}},"32":{"start":{"line":52,"column":4},"end":{"line":52,"column":67}},"33":{"start":{"line":57,"column":0},"end":{"line":68,"column":3}},"34":{"start":{"line":58,"column":2},"end":{"line":67,"column":3}},"35":{"start":{"line":59,"column":19},"end":{"line":59,"column":59}},"36":{"start":{"line":60,"column":4},"end":{"line":62,"column":5}},"37":{"start":{"line":61,"column":6},"end":{"line":61,"column":70}},"38":{"start":{"line":63,"column":4},"end":{"line":63,"column":61}},"39":{"start":{"line":65,"column":4},"end":{"line":65,"column":53}},"40":{"start":{"line":66,"column":4},"end":{"line":66,"column":65}},"41":{"start":{"line":70,"column":0},"end":{"line":70,"column":24}}},"fnMap":{"0":{"name":"(anonymous_0)","decl":{"start":{"line":6,"column":16},"end":{"line":6,"column":17}},"loc":{"start":{"line":6,"column":36},"end":{"line":14,"column":1}},"line":6},"1":{"name":"(anonymous_1)","decl":{"start":{"line":17,"column":19},"end":{"line":17,"column":20}},"loc":{"start":{"line":17,"column":39},"end":{"line":26,"column":1}},"line":17},"2":{"name":"(anonymous_2)","decl":{"start":{"line":29,"column":17},"end":{"line":29,"column":18}},"loc":{"start":{"line":29,"column":37},"end":{"line":40,"column":1}},"line":29},"3":{"name":"(anonymous_3)","decl":{"start":{"line":43,"column":19},"end":{"line":43,"column":20}},"loc":{"start":{"line":43,"column":39},"end":{"line":54,"column":1}},"line":43},"4":{"name":"(anonymous_4)","decl":{"start":{"line":57,"column":22},"end":{"line":57,"column":23}},"loc":{"start":{"line":57,"column":42},"end":{"line":68,"column":1}},"line":57}},"branchMap":{"0":{"loc":{"start":{"line":20,"column":4},"end":{"line":20,"column":82}},"type":"if","locations":[{"start":{"line":20,"column":4},"end":{"line":20,"column":82}},{"start":{},"end":{}}],"line":20},"1":{"loc":{"start":{"line":35,"column":4},"end":{"line":37,"column":5}},"type":"if","locations":[{"start":{"line":35,"column":4},"end":{"line":37,"column":5}},{"start":{},"end":{}}],"line":35},"2":{"loc":{"start":{"line":46,"column":4},"end":{"line":48,"column":5}},"type":"if","locations":[{"start":{"line":46,"column":4},"end":{"line":48,"column":5}},{"start":{},"end":{}}],"line":46},"3":{"loc":{"start":{"line":60,"column":4},"end":{"line":62,"column":5}},"type":"if","locations":[{"start":{"line":60,"column":4},"end":{"line":62,"column":5}},{"start":{},"end":{}}],"line":60}},"s":{"0":3,"1":3,"2":3,"3":3,"4":2,"5":2,"6":2,"7":0,"8":0,"9":3,"10":1,"11":1,"12":1,"13":0,"14":1,"15":0,"16":0,"17":3,"18":3,"19":3,"20":2,"21":1,"22":1,"23":1,"24":0,"25":3,"26":1,"27":1,"28":1,"29":0,"30":1,"31":0,"32":0,"33":3,"34":1,"35":1,"36":1,"37":0,"38":1,"39":0,"40":0,"41":3},"f":{"0":2,"1":1,"2":3,"3":1,"4":1},"b":{"0":[0,1],"1":[1,0],"2":[0,1],"3":[0,1]},"_coverageSchema":"1a1c01bbd47fc00a2c39e90264f33305004495a9","hash":"fa3d092550a8ce6103a35954e4cda56e06ecc6c2"}
,"C:\\Users\\Alex PC\\Desktop\\SistemaPracticaProfesional\\src\\routes\\tecnicoRoutes.js": {"path":"C:\\Users\\Alex PC\\Desktop\\SistemaPracticaProfesional\\src\\routes\\tecnicoRoutes.js","statementMap":{"0":{"start":{"line":1,"column":16},"end":{"line":1,"column":34}},"1":{"start":{"line":2,"column":15},"end":{"line":2,"column":31}},"2":{"start":{"line":3,"column":21},"end":{"line":3,"column":54}},"3":{"start":{"line":6,"column":0},"end":{"line":14,"column":3}},"4":{"start":{"line":7,"column":2},"end":{"line":13,"column":3}},"5":{"start":{"line":8,"column":21},"end":{"line":8,"column":48}},"6":{"start":{"line":9,"column":4},"end":{"line":9,"column":23}},"7":{"start":{"line":11,"column":4},"end":{"line":11,"column":53}},"8":{"start":{"line":12,"column":4},"end":{"line":12,"column":65}},"9":{"start":{"line":17,"column":0},"end":{"line":26,"column":3}},"10":{"start":{"line":18,"column":2},"end":{"line":25,"column":3}},"11":{"start":{"line":19,"column":20},"end":{"line":19,"column":61}},"12":{"start":{"line":20,"column":4},"end":{"line":20,"column":82}},"13":{"start":{"line":20,"column":18},"end":{"line":20,"column":82}},"14":{"start":{"line":21,"column":4},"end":{"line":21,"column":22}},"15":{"start":{"line":23,"column":4},"end":{"line":23,"column":52}},"16":{"start":{"line":24,"column":4},"end":{"line":24,"column":64}},"17":{"start":{"line":29,"column":0},"end":{"line":41,"column":3}},"18":{"start":{"line":30,"column":2},"end":{"line":40,"column":3}},"19":{"start":{"line":31,"column":4},"end":{"line":31,"column":40}},"20":{"start":{"line":32,"column":4},"end":{"line":32,"column":58}},"21":{"start":{"line":34,"column":4},"end":{"line":34,"column":50}},"22":{"start":{"line":35,"column":4},"end":{"line":38,"column":5}},"23":{"start":{"line":37,"column":6},"end":{"line":37,"column":58}},"24":{"start":{"line":39,"column":4},"end":{"line":39,"column":62}},"25":{"start":{"line":44,"column":0},"end":{"line":58,"column":3}},"26":{"start":{"line":45,"column":2},"end":{"line":57,"column":3}},"27":{"start":{"line":46,"column":19},"end":{"line":46,"column":69}},"28":{"start":{"line":47,"column":4},"end":{"line":49,"column":5}},"29":{"start":{"line":48,"column":6},"end":{"line":48,"column":70}},"30":{"start":{"line":50,"column":4},"end":{"line":50,"column":63}},"31":{"start":{"line":52,"column":4},"end":{"line":52,"column":55}},"32":{"start":{"line":53,"column":4},"end":{"line":55,"column":5}},"33":{"start":{"line":54,"column":6},"end":{"line":54,"column":58}},"34":{"start":{"line":56,"column":4},"end":{"line":56,"column":67}},"35":{"start":{"line":61,"column":0},"end":{"line":72,"column":3}},"36":{"start":{"line":62,"column":2},"end":{"line":71,"column":3}},"37":{"start":{"line":63,"column":19},"end":{"line":63,"column":59}},"38":{"start":{"line":64,"column":4},"end":{"line":66,"column":5}},"39":{"start":{"line":65,"column":6},"end":{"line":65,"column":70}},"40":{"start":{"line":67,"column":4},"end":{"line":67,"column":61}},"41":{"start":{"line":69,"column":4},"end":{"line":69,"column":53}},"42":{"start":{"line":70,"column":4},"end":{"line":70,"column":65}},"43":{"start":{"line":75,"column":0},"end":{"line":83,"column":3}},"44":{"start":{"line":76,"column":2},"end":{"line":82,"column":3}},"45":{"start":{"line":77,"column":20},"end":{"line":77,"column":73}},"46":{"start":{"line":78,"column":4},"end":{"line":78,"column":22}},"47":{"start":{"line":80,"column":4},"end":{"line":80,"column":64}},"48":{"start":{"line":81,"column":4},"end":{"line":81,"column":76}},"49":{"start":{"line":86,"column":0},"end":{"line":105,"column":3}},"50":{"start":{"line":87,"column":2},"end":{"line":104,"column":3}},"51":{"start":{"line":88,"column":24},"end":{"line":88,"column":32}},"52":{"start":{"line":89,"column":4},"end":{"line":91,"column":5}},"53":{"start":{"line":90,"column":6},"end":{"line":90,"column":73}},"54":{"start":{"line":93,"column":19},"end":{"line":93,"column":74}},"55":{"start":{"line":94,"column":4},"end":{"line":96,"column":5}},"56":{"start":{"line":95,"column":6},"end":{"line":95,"column":68}},"57":{"start":{"line":97,"column":4},"end":{"line":97,"column":60}},"58":{"start":{"line":99,"column":4},"end":{"line":99,"column":52}},"59":{"start":{"line":100,"column":4},"end":{"line":102,"column":5}},"60":{"start":{"line":101,"column":6},"end":{"line":101,"column":58}},"61":{"start":{"line":103,"column":4},"end":{"line":103,"column":64}},"62":{"start":{"line":107,"column":0},"end":{"line":107,"column":24}}},"fnMap":{"0":{"name":"(anonymous_0)","decl":{"start":{"line":6,"column":16},"end":{"line":6,"column":17}},"loc":{"start":{"line":6,"column":36},"end":{"line":14,"column":1}},"line":6},"1":{"name":"(anonymous_1)","decl":{"start":{"line":17,"column":19},"end":{"line":17,"column":20}},"loc":{"start":{"line":17,"column":39},"end":{"line":26,"column":1}},"line":17},"2":{"name":"(anonymous_2)","decl":{"start":{"line":29,"column":17},"end":{"line":29,"column":18}},"loc":{"start":{"line":29,"column":37},"end":{"line":41,"column":1}},"line":29},"3":{"name":"(anonymous_3)","decl":{"start":{"line":44,"column":19},"end":{"line":44,"column":20}},"loc":{"start":{"line":44,"column":39},"end":{"line":58,"column":1}},"line":44},"4":{"name":"(anonymous_4)","decl":{"start":{"line":61,"column":22},"end":{"line":61,"column":23}},"loc":{"start":{"line":61,"column":42},"end":{"line":72,"column":1}},"line":61},"5":{"name":"(anonymous_5)","decl":{"start":{"line":75,"column":27},"end":{"line":75,"column":28}},"loc":{"start":{"line":75,"column":47},"end":{"line":83,"column":1}},"line":75},"6":{"name":"(anonymous_6)","decl":{"start":{"line":86,"column":34},"end":{"line":86,"column":35}},"loc":{"start":{"line":86,"column":54},"end":{"line":105,"column":1}},"line":86}},"branchMap":{"0":{"loc":{"start":{"line":20,"column":4},"end":{"line":20,"column":82}},"type":"if","locations":[{"start":{"line":20,"column":4},"end":{"line":20,"column":82}},{"start":{},"end":{}}],"line":20},"1":{"loc":{"start":{"line":35,"column":4},"end":{"line":38,"column":5}},"type":"if","locations":[{"start":{"line":35,"column":4},"end":{"line":38,"column":5}},{"start":{},"end":{}}],"line":35},"2":{"loc":{"start":{"line":35,"column":8},"end":{"line":36,"column":46}},"type":"binary-expr","locations":[{"start":{"line":35,"column":8},"end":{"line":35,"column":81}},{"start":{"line":36,"column":8},"end":{"line":36,"column":46}}],"line":35},"3":{"loc":{"start":{"line":47,"column":4},"end":{"line":49,"column":5}},"type":"if","locations":[{"start":{"line":47,"column":4},"end":{"line":49,"column":5}},{"start":{},"end":{}}],"line":47},"4":{"loc":{"start":{"line":53,"column":4},"end":{"line":55,"column":5}},"type":"if","locations":[{"start":{"line":53,"column":4},"end":{"line":55,"column":5}},{"start":{},"end":{}}],"line":53},"5":{"loc":{"start":{"line":64,"column":4},"end":{"line":66,"column":5}},"type":"if","locations":[{"start":{"line":64,"column":4},"end":{"line":66,"column":5}},{"start":{},"end":{}}],"line":64},"6":{"loc":{"start":{"line":89,"column":4},"end":{"line":91,"column":5}},"type":"if","locations":[{"start":{"line":89,"column":4},"end":{"line":91,"column":5}},{"start":{},"end":{}}],"line":89},"7":{"loc":{"start":{"line":94,"column":4},"end":{"line":96,"column":5}},"type":"if","locations":[{"start":{"line":94,"column":4},"end":{"line":96,"column":5}},{"start":{},"end":{}}],"line":94},"8":{"loc":{"start":{"line":100,"column":4},"end":{"line":102,"column":5}},"type":"if","locations":[{"start":{"line":100,"column":4},"end":{"line":102,"column":5}},{"start":{},"end":{}}],"line":100}},"s":{"0":3,"1":3,"2":3,"3":3,"4":2,"5":2,"6":2,"7":0,"8":0,"9":3,"10":1,"11":1,"12":1,"13":0,"14":1,"15":0,"16":0,"17":3,"18":3,"19":3,"20":2,"21":1,"22":1,"23":1,"24":0,"25":3,"26":0,"27":0,"28":0,"29":0,"30":0,"31":0,"32":0,"33":0,"34":0,"35":3,"36":0,"37":0,"38":0,"39":0,"40":0,"41":0,"42":0,"43":3,"44":1,"45":1,"46":1,"47":0,"48":0,"49":3,"50":1,"51":1,"52":1,"53":0,"54":1,"55":1,"56":1,"57":0,"58":0,"59":0,"60":0,"61":0,"62":3},"f":{"0":2,"1":1,"2":3,"3":0,"4":0,"5":1,"6":1},"b":{"0":[0,1],"1":[1,0],"2":[1,0],"3":[0,0],"4":[0,0],"5":[0,0],"6":[0,1],"7":[1,0],"8":[0,0]},"_coverageSchema":"1a1c01bbd47fc00a2c39e90264f33305004495a9","hash":"99ab90dc5c5ba9fda50f9cf63af22682c34d64c7"}
}
