TN:
SF:src\app.js
FN:23,(anonymous_0)
FN:76,(anonymous_1)
FN:83,(anonymous_2)
FNF:3
FNH:1
FNDA:3,(anonymous_0)
FNDA:0,(anonymous_1)
FNDA:0,(anonymous_2)
DA:1,3
DA:2,3
DA:3,3
DA:4,3
DA:5,3
DA:8,3
DA:9,3
DA:10,3
DA:11,3
DA:13,3
DA:16,3
DA:17,3
DA:20,3
DA:23,3
DA:24,3
DA:25,3
DA:26,3
DA:28,3
DA:33,3
DA:34,1
DA:35,1
DA:38,2
DA:40,2
DA:41,0
DA:42,0
DA:45,2
DA:47,2
DA:48,2
DA:49,2
DA:52,0
DA:54,0
DA:64,0
DA:65,0
DA:70,3
DA:71,3
DA:72,3
DA:73,3
DA:76,3
DA:77,0
DA:81,3
DA:82,3
DA:83,0
DA:84,0
DA:88,3
LF:44
LH:35
BRDA:33,0,0,1
BRDA:33,0,1,2
BRDA:40,1,0,0
BRDA:40,1,1,2
BRDA:47,2,0,2
BRDA:47,2,1,0
BRDA:81,3,0,3
BRDA:81,3,1,3
BRDA:82,4,0,0
BRDA:82,4,1,3
BRF:10
BRH:7
end_of_record
TN:
SF:src\config\db.js
FN:10,getConnection
FNF:1
FNH:1
FNDA:40,getConnection
DA:1,3
DA:3,3
DA:11,40
DA:14,3
LF:4
LH:4
BRDA:4,0,0,3
BRDA:4,0,1,3
BRDA:5,1,0,3
BRDA:5,1,1,3
BRDA:6,2,0,3
BRDA:6,2,1,3
BRDA:7,3,0,3
BRDA:7,3,1,3
BRF:8
BRH:8
end_of_record
TN:
SF:src\models\clienteModel.js
FN:4,getAll
FN:14,getById
FN:25,create
FN:53,update
FN:58,(anonymous_4)
FN:71,remove
FNF:6
FNH:6
FNDA:3,getAll
FNDA:3,getById
FNDA:5,create
FNDA:2,update
FNDA:12,(anonymous_4)
FNDA:2,remove
DA:1,4
DA:5,3
DA:6,3
DA:9,3
DA:10,3
DA:15,3
DA:16,3
DA:20,3
DA:21,3
DA:26,5
DA:27,5
DA:30,5
DA:31,2
DA:35,3
DA:44,3
DA:49,3
DA:54,2
DA:55,2
DA:58,12
DA:60,2
DA:66,2
DA:67,2
DA:72,2
DA:73,2
DA:77,2
DA:78,2
DA:81,4
LF:27
LH:27
BRDA:30,0,0,2
BRDA:30,0,1,3
BRDA:30,1,0,5
BRDA:30,1,1,3
BRDA:36,2,0,3
BRDA:36,2,1,0
BRDA:37,3,0,3
BRDA:37,3,1,0
BRDA:38,4,0,3
BRDA:38,4,1,3
BRDA:39,5,0,3
BRDA:39,5,1,3
BRDA:40,6,0,3
BRDA:40,6,1,3
BRDA:41,7,0,3
BRDA:41,7,1,3
BRDA:58,8,0,10
BRDA:58,8,1,2
BRF:18
BRH:16
end_of_record
TN:
SF:src\models\ordenModel.js
FN:4,getAll
FN:16,getById
FN:27,create
FN:65,update
FN:71,(anonymous_4)
FN:83,remove
FNF:6
FNH:6
FNDA:4,getAll
FNDA:2,getById
FNDA:5,create
FNDA:2,update
FNDA:12,(anonymous_4)
FNDA:2,remove
DA:1,4
DA:5,4
DA:6,4
DA:11,4
DA:12,4
DA:17,2
DA:18,2
DA:22,2
DA:23,2
DA:28,5
DA:29,5
DA:30,5
DA:31,5
DA:32,5
DA:33,5
DA:36,5
DA:38,5
DA:39,5
DA:41,5
DA:43,5
DA:44,5
DA:46,5
DA:47,5
DA:48,5
DA:50,5
DA:51,1
DA:54,4
DA:60,5
DA:66,2
DA:67,2
DA:70,2
DA:71,12
DA:73,2
DA:78,1
DA:79,1
DA:84,2
DA:85,2
DA:89,2
DA:90,2
DA:93,4
LF:40
LH:40
BRDA:30,0,0,5
BRDA:30,0,1,0
BRDA:31,1,0,5
BRDA:31,1,1,5
BRDA:31,1,2,5
BRDA:32,2,0,5
BRDA:32,2,1,2
BRDA:32,2,2,2
BRDA:36,3,0,5
BRDA:36,3,1,0
BRDA:39,4,0,4
BRDA:39,4,1,1
BRDA:41,5,0,5
BRDA:41,5,1,0
BRDA:46,6,0,5
BRDA:46,6,1,5
BRDA:47,7,0,5
BRDA:47,7,1,5
BRDA:48,8,0,5
BRDA:48,8,1,3
BRDA:50,9,0,1
BRDA:50,9,1,4
BRDA:50,10,0,5
BRDA:50,10,1,4
BRDA:57,11,0,4
BRDA:57,11,1,1
BRDA:71,12,0,10
BRDA:71,12,1,2
BRF:28
BRH:25
end_of_record
TN:
SF:src\models\reclamoModel.js
FN:4,ensureTableExists
FN:21,getAll
FN:37,getById
FN:52,create
FN:73,update
FN:92,remove
FNF:6
FNH:6
FNDA:14,ensureTableExists
FNDA:3,getAll
FNDA:2,getById
FNDA:5,create
FNDA:2,update
FNDA:2,remove
DA:1,4
DA:5,14
DA:22,3
DA:23,3
DA:24,3
DA:25,3
DA:30,3
DA:32,3
DA:38,2
DA:39,2
DA:40,2
DA:41,2
DA:45,2
DA:47,2
DA:53,5
DA:54,5
DA:55,5
DA:56,5
DA:58,5
DA:59,2
DA:62,3
DA:68,5
DA:74,2
DA:75,2
DA:76,2
DA:77,2
DA:79,2
DA:85,2
DA:87,2
DA:93,2
DA:94,2
DA:95,2
DA:96,2
DA:100,2
DA:102,2
DA:106,4
LF:36
LH:36
BRDA:58,0,0,2
BRDA:58,0,1,3
BRDA:65,1,0,3
BRDA:65,1,1,0
BRDA:65,2,0,3
BRDA:65,2,1,3
BRDA:65,3,0,0
BRDA:65,3,1,3
BRDA:83,4,0,2
BRDA:83,4,1,2
BRDA:83,5,0,2
BRDA:83,5,1,0
BRDA:83,6,0,2
BRDA:83,6,1,2
BRF:14
BRH:11
end_of_record
TN:
SF:src\models\tecnicoModel.js
FN:4,getAll
FN:18,getById
FN:29,create
FN:72,update
FN:122,remove
FN:133,getOrdenesAsignadas
FN:149,asignarOrden
FNF:7
FNH:7
FNDA:3,getAll
FNDA:2,getById
FNDA:6,create
FNDA:3,update
FNDA:1,remove
FNDA:2,getOrdenesAsignadas
FNDA:3,asignarOrden
DA:1,4
DA:5,3
DA:6,3
DA:7,3
DA:8,3
DA:9,3
DA:10,3
DA:12,0
DA:13,0
DA:19,2
DA:20,2
DA:24,2
DA:25,2
DA:30,6
DA:31,6
DA:32,6
DA:35,6
DA:36,2
DA:40,4
DA:45,4
DA:46,1
DA:50,3
DA:61,3
DA:67,6
DA:73,3
DA:74,3
DA:77,3
DA:82,3
DA:83,1
DA:87,2
DA:88,2
DA:93,2
DA:94,1
DA:99,1
DA:111,1
DA:117,1
DA:118,1
DA:123,1
DA:124,1
DA:128,1
DA:129,1
DA:134,2
DA:135,2
DA:144,2
DA:145,2
DA:150,3
DA:153,3
DA:158,3
DA:159,1
DA:162,2
DA:166,2
DA:167,2
DA:170,4
LF:53
LH:51
BRDA:32,0,0,6
BRDA:32,0,1,0
BRDA:35,1,0,2
BRDA:35,1,1,4
BRDA:35,2,0,6
BRDA:35,2,1,6
BRDA:35,2,2,4
BRDA:35,2,3,4
BRDA:45,3,0,1
BRDA:45,3,1,3
BRDA:55,4,0,3
BRDA:55,4,1,3
BRDA:56,5,0,3
BRDA:56,5,1,3
BRDA:57,6,0,3
BRDA:57,6,1,3
BRDA:58,7,0,3
BRDA:58,7,1,3
BRDA:82,8,0,1
BRDA:82,8,1,2
BRDA:87,9,0,2
BRDA:87,9,1,0
BRDA:93,10,0,1
BRDA:93,10,1,1
BRDA:100,11,0,1
BRDA:100,11,1,0
BRDA:101,12,0,1
BRDA:101,12,1,1
BRDA:102,13,0,1
BRDA:102,13,1,0
BRDA:103,14,0,1
BRDA:103,14,1,1
BRDA:104,15,0,1
BRDA:104,15,1,1
BRDA:105,16,0,1
BRDA:105,16,1,1
BRDA:106,17,0,1
BRDA:106,17,1,1
BRDA:107,18,0,1
BRDA:107,18,1,1
BRDA:158,19,0,1
BRDA:158,19,1,2
BRF:42
BRH:38
end_of_record
TN:
SF:src\routes\clienteRoutes.js
FN:6,(anonymous_0)
FN:17,(anonymous_1)
FN:29,(anonymous_2)
FN:43,(anonymous_3)
FN:57,(anonymous_4)
FNF:5
FNH:5
FNDA:2,(anonymous_0)
FNDA:2,(anonymous_1)
FNDA:3,(anonymous_2)
FNDA:1,(anonymous_3)
FNDA:1,(anonymous_4)
DA:1,3
DA:2,3
DA:3,3
DA:6,3
DA:7,2
DA:8,2
DA:9,2
DA:11,0
DA:12,0
DA:17,3
DA:18,2
DA:19,2
DA:20,2
DA:21,1
DA:23,0
DA:24,0
DA:29,3
DA:30,3
DA:31,3
DA:32,2
DA:34,1
DA:35,1
DA:36,1
DA:38,0
DA:43,3
DA:44,1
DA:45,1
DA:46,1
DA:47,0
DA:49,1
DA:51,0
DA:52,0
DA:57,3
DA:58,1
DA:59,1
DA:60,1
DA:61,0
DA:63,1
DA:65,0
DA:66,0
DA:70,3
LF:41
LH:30
BRDA:20,0,0,1
BRDA:20,0,1,1
BRDA:35,1,0,1
BRDA:35,1,1,0
BRDA:46,2,0,0
BRDA:46,2,1,1
BRDA:60,3,0,0
BRDA:60,3,1,1
BRF:8
BRH:5
end_of_record
TN:
SF:src\routes\ordenRoutes.js
FN:6,(anonymous_0)
FN:17,(anonymous_1)
FN:28,(anonymous_2)
FN:42,(anonymous_3)
FN:56,(anonymous_4)
FN:59,(anonymous_5)
FN:67,(anonymous_6)
FNF:7
FNH:7
FNDA:2,(anonymous_0)
FNDA:3,(anonymous_1)
FNDA:1,(anonymous_2)
FNDA:1,(anonymous_3)
FNDA:1,(anonymous_4)
FNDA:26,(anonymous_5)
FNDA:1,(anonymous_6)
DA:1,3
DA:2,3
DA:3,3
DA:6,3
DA:7,2
DA:8,2
DA:9,2
DA:11,0
DA:12,0
DA:17,3
DA:18,3
DA:19,3
DA:20,3
DA:22,0
DA:23,0
DA:28,3
DA:29,1
DA:30,1
DA:31,0
DA:32,0
DA:34,0
DA:36,1
DA:37,1
DA:42,3
DA:43,1
DA:44,1
DA:45,1
DA:46,0
DA:48,1
DA:50,0
DA:51,0
DA:56,3
DA:57,1
DA:58,1
DA:59,26
DA:60,1
DA:62,0
DA:67,3
DA:68,1
DA:69,1
DA:70,1
DA:71,0
DA:73,0
DA:74,0
DA:78,3
LF:45
LH:31
BRDA:31,0,0,0
BRDA:31,0,1,0
BRDA:45,1,0,0
BRDA:45,1,1,1
BRDA:70,2,0,1
BRDA:70,2,1,0
BRF:6
BRH:2
end_of_record
TN:
SF:src\routes\reclamoRoutes.js
FN:6,(anonymous_0)
FN:17,(anonymous_1)
FN:29,(anonymous_2)
FN:43,(anonymous_3)
FN:57,(anonymous_4)
FNF:5
FNH:5
FNDA:2,(anonymous_0)
FNDA:1,(anonymous_1)
FNDA:3,(anonymous_2)
FNDA:1,(anonymous_3)
FNDA:1,(anonymous_4)
DA:1,3
DA:2,3
DA:3,3
DA:6,3
DA:7,2
DA:8,2
DA:9,2
DA:11,0
DA:12,0
DA:17,3
DA:18,1
DA:19,1
DA:20,1
DA:21,1
DA:23,0
DA:24,0
DA:29,3
DA:30,3
DA:31,3
DA:32,2
DA:34,1
DA:35,1
DA:36,1
DA:38,0
DA:43,3
DA:44,1
DA:45,1
DA:46,1
DA:47,0
DA:49,1
DA:51,0
DA:52,0
DA:57,3
DA:58,1
DA:59,1
DA:60,1
DA:61,0
DA:63,1
DA:65,0
DA:66,0
DA:70,3
LF:41
LH:30
BRDA:20,0,0,0
BRDA:20,0,1,1
BRDA:35,1,0,1
BRDA:35,1,1,0
BRDA:46,2,0,0
BRDA:46,2,1,1
BRDA:60,3,0,0
BRDA:60,3,1,1
BRF:8
BRH:4
end_of_record
TN:
SF:src\routes\tecnicoRoutes.js
FN:6,(anonymous_0)
FN:17,(anonymous_1)
FN:29,(anonymous_2)
FN:44,(anonymous_3)
FN:61,(anonymous_4)
FN:75,(anonymous_5)
FN:86,(anonymous_6)
FNF:7
FNH:5
FNDA:2,(anonymous_0)
FNDA:1,(anonymous_1)
FNDA:3,(anonymous_2)
FNDA:0,(anonymous_3)
FNDA:0,(anonymous_4)
FNDA:1,(anonymous_5)
FNDA:1,(anonymous_6)
DA:1,3
DA:2,3
DA:3,3
DA:6,3
DA:7,2
DA:8,2
DA:9,2
DA:11,0
DA:12,0
DA:17,3
DA:18,1
DA:19,1
DA:20,1
DA:21,1
DA:23,0
DA:24,0
DA:29,3
DA:30,3
DA:31,3
DA:32,2
DA:34,1
DA:35,1
DA:37,1
DA:39,0
DA:44,3
DA:45,0
DA:46,0
DA:47,0
DA:48,0
DA:50,0
DA:52,0
DA:53,0
DA:54,0
DA:56,0
DA:61,3
DA:62,0
DA:63,0
DA:64,0
DA:65,0
DA:67,0
DA:69,0
DA:70,0
DA:75,3
DA:76,1
DA:77,1
DA:78,1
DA:80,0
DA:81,0
DA:86,3
DA:87,1
DA:88,1
DA:89,1
DA:90,0
DA:93,1
DA:94,1
DA:95,1
DA:97,0
DA:99,0
DA:100,0
DA:101,0
DA:103,0
DA:107,3
LF:62
LH:33
BRDA:20,0,0,0
BRDA:20,0,1,1
BRDA:35,1,0,1
BRDA:35,1,1,0
BRDA:35,2,0,1
BRDA:35,2,1,0
BRDA:47,3,0,0
BRDA:47,3,1,0
BRDA:53,4,0,0
BRDA:53,4,1,0
BRDA:64,5,0,0
BRDA:64,5,1,0
BRDA:89,6,0,0
BRDA:89,6,1,1
BRDA:94,7,0,1
BRDA:94,7,1,0
BRDA:100,8,0,0
BRDA:100,8,1,0
BRF:18
BRH:5
end_of_record
